<?xml version="1.0" encoding="UTF-8"?>
<testng-results ignored="0" total="1" passed="1" failed="0" skipped="0">
  <reporter-output>
  </reporter-output>
  <suite started-at="2025-01-03T23:13:54 IST" name="Default suite" finished-at="2025-01-03T23:14:19 IST" duration-ms="24870">
    <groups>
    </groups>
    <test started-at="2025-01-03T23:13:54 IST" name="Default test" finished-at="2025-01-03T23:14:19 IST" duration-ms="24870">
      <class name="testcases.TestCase1">
        <test-method is-config="true" signature="setUp()[pri:0, instance:testcases.TestCase1@7b98f307]" started-at="2025-01-03T23:13:54 IST" name="setUp" finished-at="2025-01-03T23:14:03 IST" duration-ms="8569" status="PASS">
          <reporter-output>
          </reporter-output>
        </test-method> <!-- setUp -->
        <test-method signature="testLogin()[pri:0, instance:testcases.TestCase1@7b98f307]" started-at="2025-01-03T23:14:03 IST" name="testLogin" finished-at="2025-01-03T23:14:19 IST" duration-ms="15800" status="PASS">
          <reporter-output>
          </reporter-output>
        </test-method> <!-- testLogin -->
        <test-method is-config="true" signature="tearDown()[pri:0, instance:testcases.TestCase1@7b98f307]" started-at="2025-01-03T23:14:19 IST" name="tearDown" finished-at="2025-01-03T23:14:19 IST" duration-ms="467" status="PASS">
          <reporter-output>
          </reporter-output>
        </test-method> <!-- tearDown -->
      </class> <!-- testcases.TestCase1 -->
    </test> <!-- Default test -->
  </suite> <!-- Default suite -->
</testng-results>
